<?xml version="1.0" encoding="UTF-8"?>
<testng-results skipped="0" failed="0" ignored="0" total="0" passed="0">
  <reporter-output>
  </reporter-output>
  <suite name="com.Techfios.Test.AppTest" duration-ms="4" started-at="2020-05-03T07:11:47Z" finished-at="2020-05-03T07:11:47Z">
    <groups>
    </groups>
    <test name="Command line test" duration-ms="4" started-at="2020-05-03T07:11:47Z" finished-at="2020-05-03T07:11:47Z">
    </test> <!-- Command line test -->
  </suite> <!-- com.Techfios.Test.AppTest -->
</testng-results>
